# JRE version: OpenJDK Runtime Environment (8.0_152-b02) (build 1.8.0_152-release-1024-b02)
# Java VM: OpenJDK 64-Bit Server VM (25.152-b02 mixed mode windows-amd64 compressed oops)
Heap:
 PSYoungGen      total 260096K, used 120630K [0x00000000e0000000, 0x00000000f3200000, 0x0000000100000000)
  eden space 238080K, 48% used [0x00000000e0000000,0x00000000e70736a8,0x00000000ee880000)
  from space 22016K, 24% used [0x00000000ee880000,0x00000000eedda538,0x00000000efe00000)
  to   space 20992K, 0% used [0x00000000f1d80000,0x00000000f1d80000,0x00000000f3200000)
 ParOldGen       total 173568K, used 120604K [0x00000000a0000000, 0x00000000aa980000, 0x00000000e0000000)
  object space 173568K, 69% used [0x00000000a0000000,0x00000000a75c7120,0x00000000aa980000)
 Metaspace       used 81398K, capacity 84268K, committed 84992K, reserved 1122304K
  class space    used 10442K, capacity 11076K, committed 11264K, reserved 1048576K
GC Heap History (10 events):
Event: 1844.942 GC heap before
{Heap before GC invocations=17 (full 3):
 PSYoungGen      total 226304K, used 226280K [0x00000000e0000000, 0x00000000f2b80000, 0x0000000100000000)
  eden space 209920K, 100% used [0x00000000e0000000,0x00000000ecd00000,0x00000000ecd00000)
  from space 16384K, 99% used [0x00000000ecd00000,0x00000000edcfa070,0x00000000edd00000)
  to   space 20992K, 0% used [0x00000000f1700000,0x00000000f1700000,0x00000000f2b80000)
 ParOldGen       total 77824K, used 40075K [0x00000000a0000000, 0x00000000a4c00000, 0x00000000e0000000)
  object space 77824K, 51% used [0x00000000a0000000,0x00000000a2722d58,0x00000000a4c00000)
 Metaspace       used 71574K, capacity 74214K, committed 74368K, reserved 1114112K
  class space    used 9387K, capacity 10020K, committed 10112K, reserved 1048576K
Event: 1857.653 GC heap after
Heap after GC invocations=17 (full 3):
 PSYoungGen      total 214016K, used 12553K [0x00000000e0000000, 0x00000000f2380000, 0x0000000100000000)
  eden space 201216K, 0% used [0x00000000e0000000,0x00000000e0000000,0x00000000ec480000)
  from space 12800K, 98% used [0x00000000f1700000,0x00000000f23424e0,0x00000000f2380000)
  to   space 21504K, 0% used [0x00000000ef980000,0x00000000ef980000,0x00000000f0e80000)
 ParOldGen       total 77824K, used 52287K [0x00000000a0000000, 0x00000000a4c00000, 0x00000000e0000000)
  object space 77824K, 67% used [0x00000000a0000000,0x00000000a330ff30,0x00000000a4c00000)
 Metaspace       used 71574K, capacity 74214K, committed 74368K, reserved 1114112K
  class space    used 9387K, capacity 10020K, committed 10112K, reserved 1048576K
}
Event: 2129.152 GC heap before
{Heap before GC invocations=18 (full 3):
 PSYoungGen      total 214016K, used 206671K [0x00000000e0000000, 0x00000000f2380000, 0x0000000100000000)
  eden space 201216K, 96% used [0x00000000e0000000,0x00000000ebd917f0,0x00000000ec480000)
  from space 12800K, 98% used [0x00000000f1700000,0x00000000f23424e0,0x00000000f2380000)
  to   space 21504K, 0% used [0x00000000ef980000,0x00000000ef980000,0x00000000f0e80000)
 ParOldGen       total 77824K, used 52287K [0x00000000a0000000, 0x00000000a4c00000, 0x00000000e0000000)
  object space 77824K, 67% used [0x00000000a0000000,0x00000000a330ff30,0x00000000a4c00000)
 Metaspace       used 74259K, capacity 76932K, committed 77184K, reserved 1116160K
  class space    used 9629K, capacity 10257K, committed 10368K, reserved 1048576K
Event: 2129.515 GC heap after
Heap after GC invocations=18 (full 3):
 PSYoungGen      total 206336K, used 12801K [0x00000000e0000000, 0x00000000f1780000, 0x0000000100000000)
  eden space 193024K, 0% used [0x00000000e0000000,0x00000000e0000000,0x00000000ebc80000)
  from space 13312K, 96% used [0x00000000ef980000,0x00000000f0600498,0x00000000f0680000)
  to   space 17408K, 0% used [0x00000000f0680000,0x00000000f0680000,0x00000000f1780000)
 ParOldGen       total 132096K, used 106450K [0x00000000a0000000, 0x00000000a8100000, 0x00000000e0000000)
  object space 132096K, 80% used [0x00000000a0000000,0x00000000a67f4960,0x00000000a8100000)
 Metaspace       used 74259K, capacity 76932K, committed 77184K, reserved 1116160K
  class space    used 9629K, capacity 10257K, committed 10368K, reserved 1048576K
}
Event: 2129.515 GC heap before
{Heap before GC invocations=19 (full 4):
 PSYoungGen      total 206336K, used 12801K [0x00000000e0000000, 0x00000000f1780000, 0x0000000100000000)
  eden space 193024K, 0% used [0x00000000e0000000,0x00000000e0000000,0x00000000ebc80000)
  from space 13312K, 96% used [0x00000000ef980000,0x00000000f0600498,0x00000000f0680000)
  to   space 17408K, 0% used [0x00000000f0680000,0x00000000f0680000,0x00000000f1780000)
 ParOldGen       total 132096K, used 106450K [0x00000000a0000000, 0x00000000a8100000, 0x00000000e0000000)
  object space 132096K, 80% used [0x00000000a0000000,0x00000000a67f4960,0x00000000a8100000)
 Metaspace       used 74259K, capacity 76932K, committed 77184K, reserved 1116160K
  class space    used 9629K, capacity 10257K, committed 10368K, reserved 1048576K
Event: 2167.355 GC heap after
Heap after GC invocations=19 (full 4):
 PSYoungGen      total 206336K, used 0K [0x00000000e0000000, 0x00000000f1780000, 0x0000000100000000)
  eden space 193024K, 0% used [0x00000000e0000000,0x00000000e0000000,0x00000000ebc80000)
  from space 13312K, 0% used [0x00000000ef980000,0x00000000ef980000,0x00000000f0680000)
  to   space 17408K, 0% used [0x00000000f0680000,0x00000000f0680000,0x00000000f1780000)
 ParOldGen       total 173568K, used 93511K [0x00000000a0000000, 0x00000000aa980000, 0x00000000e0000000)
  object space 173568K, 53% used [0x00000000a0000000,0x00000000a5b51c08,0x00000000aa980000)
 Metaspace       used 72570K, capacity 74534K, committed 77184K, reserved 1116160K
  class space    used 9291K, capacity 9751K, committed 10368K, reserved 1048576K
}
Event: 2169.348 GC heap before
{Heap before GC invocations=20 (full 4):
 PSYoungGen      total 206336K, used 192852K [0x00000000e0000000, 0x00000000f1780000, 0x0000000100000000)
  eden space 193024K, 99% used [0x00000000e0000000,0x00000000ebc551d0,0x00000000ebc80000)
  from space 13312K, 0% used [0x00000000ef980000,0x00000000ef980000,0x00000000f0680000)
  to   space 17408K, 0% used [0x00000000f0680000,0x00000000f0680000,0x00000000f1780000)
 ParOldGen       total 173568K, used 93511K [0x00000000a0000000, 0x00000000aa980000, 0x00000000e0000000)
  object space 173568K, 53% used [0x00000000a0000000,0x00000000a5b51c08,0x00000000aa980000)
 Metaspace       used 72812K, capacity 74816K, committed 77184K, reserved 1116160K
  class space    used 9330K, capacity 9796K, committed 10368K, reserved 1048576K
Event: 2169.831 GC heap after
Heap after GC invocations=20 (full 4):
 PSYoungGen      total 251392K, used 947K [0x00000000e0000000, 0x00000000f1380000, 0x0000000100000000)
  eden space 238080K, 0% used [0x00000000e0000000,0x00000000e0000000,0x00000000ee880000)
  from space 13312K, 7% used [0x00000000f0680000,0x00000000f076cce8,0x00000000f1380000)
  to   space 22016K, 0% used [0x00000000ee880000,0x00000000ee880000,0x00000000efe00000)
 ParOldGen       total 173568K, used 120596K [0x00000000a0000000, 0x00000000aa980000, 0x00000000e0000000)
  object space 173568K, 69% used [0x00000000a0000000,0x00000000a75c5120,0x00000000aa980000)
 Metaspace       used 72812K, capacity 74816K, committed 77184K, reserved 1116160K
  class space    used 9330K, capacity 9796K, committed 10368K, reserved 1048576K
}
Event: 2201.928 GC heap before
{Heap before GC invocations=21 (full 4):
 PSYoungGen      total 251392K, used 239027K [0x00000000e0000000, 0x00000000f1380000, 0x0000000100000000)
  eden space 238080K, 100% used [0x00000000e0000000,0x00000000ee880000,0x00000000ee880000)
  from space 13312K, 7% used [0x00000000f0680000,0x00000000f076cce8,0x00000000f1380000)
  to   space 22016K, 0% used [0x00000000ee880000,0x00000000ee880000,0x00000000efe00000)
 ParOldGen       total 173568K, used 120596K [0x00000000a0000000, 0x00000000aa980000, 0x00000000e0000000)
  object space 173568K, 69% used [0x00000000a0000000,0x00000000a75c5120,0x00000000aa980000)
 Metaspace       used 74158K, capacity 76394K, committed 77952K, reserved 1116160K
  class space    used 9509K, capacity 10037K, committed 10368K, reserved 1048576K
Event: 2202.031 GC heap after
Heap after GC invocations=21 (full 4):
 PSYoungGen      total 260096K, used 5481K [0x00000000e0000000, 0x00000000f3200000, 0x0000000100000000)
  eden space 238080K, 0% used [0x00000000e0000000,0x00000000e0000000,0x00000000ee880000)
  from space 22016K, 24% used [0x00000000ee880000,0x00000000eedda538,0x00000000efe00000)
  to   space 20992K, 0% used [0x00000000f1d80000,0x00000000f1d80000,0x00000000f3200000)
 ParOldGen       total 173568K, used 120604K [0x00000000a0000000, 0x00000000aa980000, 0x00000000e0000000)
  object space 173568K, 69% used [0x00000000a0000000,0x00000000a75c7120,0x00000000aa980000)
 Metaspace       used 74158K, capacity 76394K, committed 77952K, reserved 1116160K
  class space    used 9509K, capacity 10037K, committed 10368K, reserved 1048576K
}

