# JRE version: OpenJDK Runtime Environment (8.0_152-b02) (build 1.8.0_152-release-1024-b02)
# Java VM: OpenJDK 64-Bit Server VM (25.152-b02 mixed mode windows-amd64 compressed oops)
Heap:
 PSYoungGen      total 253440K, used 188109K [0x00000000e0000000, 0x00000000f2180000, 0x0000000100000000)
  eden space 210944K, 89% used [0x00000000e0000000,0x00000000eb7b3680,0x00000000ece00000)
  from space 42496K, 0% used [0x00000000ece00000,0x00000000ece00000,0x00000000ef780000)
  to   space 41984K, 0% used [0x00000000ef780000,0x00000000ef780000,0x00000000f2080000)
 ParOldGen       total 167936K, used 68257K [0x00000000a0000000, 0x00000000aa400000, 0x00000000e0000000)
  object space 167936K, 40% used [0x00000000a0000000,0x00000000a42a8650,0x00000000aa400000)
 Metaspace       used 80379K, capacity 83606K, committed 83988K, reserved 1122304K
  class space    used 10240K, capacity 10874K, committed 11068K, reserved 1048576K
GC Heap History (10 events):
Event: 177.282 GC heap before
{Heap before GC invocations=32 (full 4):
 PSYoungGen      total 204800K, used 192600K [0x00000000e0000000, 0x00000000f2080000, 0x0000000100000000)
  eden space 164864K, 99% used [0x00000000e0000000,0x00000000ea0a73b0,0x00000000ea100000)
  from space 39936K, 70% used [0x00000000ea100000,0x00000000ebc6ef28,0x00000000ec800000)
  to   space 41984K, 0% used [0x00000000ef780000,0x00000000ef780000,0x00000000f2080000)
 ParOldGen       total 164352K, used 73070K [0x00000000a0000000, 0x00000000aa080000, 0x00000000e0000000)
  object space 164352K, 44% used [0x00000000a0000000,0x00000000a475b838,0x00000000aa080000)
 Metaspace       used 74975K, capacity 77582K, committed 78996K, reserved 1118208K
  class space    used 9761K, capacity 10308K, committed 10684K, reserved 1048576K
Event: 177.291 GC heap after
Heap after GC invocations=32 (full 4):
 PSYoungGen      total 252928K, used 128K [0x00000000e0000000, 0x00000000f2180000, 0x0000000100000000)
  eden space 210944K, 0% used [0x00000000e0000000,0x00000000e0000000,0x00000000ece00000)
  from space 41984K, 0% used [0x00000000ef780000,0x00000000ef7a0000,0x00000000f2080000)
  to   space 42496K, 0% used [0x00000000ece00000,0x00000000ece00000,0x00000000ef780000)
 ParOldGen       total 164352K, used 100942K [0x00000000a0000000, 0x00000000aa080000, 0x00000000e0000000)
  object space 164352K, 61% used [0x00000000a0000000,0x00000000a6293930,0x00000000aa080000)
 Metaspace       used 74975K, capacity 77582K, committed 78996K, reserved 1118208K
  class space    used 9761K, capacity 10308K, committed 10684K, reserved 1048576K
}
Event: 565.053 GC heap before
{Heap before GC invocations=33 (full 4):
 PSYoungGen      total 252928K, used 211072K [0x00000000e0000000, 0x00000000f2180000, 0x0000000100000000)
  eden space 210944K, 100% used [0x00000000e0000000,0x00000000ece00000,0x00000000ece00000)
  from space 41984K, 0% used [0x00000000ef780000,0x00000000ef7a0000,0x00000000f2080000)
  to   space 42496K, 0% used [0x00000000ece00000,0x00000000ece00000,0x00000000ef780000)
 ParOldGen       total 164352K, used 100942K [0x00000000a0000000, 0x00000000aa080000, 0x00000000e0000000)
  object space 164352K, 61% used [0x00000000a0000000,0x00000000a6293930,0x00000000aa080000)
 Metaspace       used 78391K, capacity 81446K, committed 82324K, reserved 1120256K
  class space    used 10074K, capacity 10696K, committed 10940K, reserved 1048576K
Event: 565.079 GC heap after
Heap after GC invocations=33 (full 4):
 PSYoungGen      total 253440K, used 7105K [0x00000000e0000000, 0x00000000f2180000, 0x0000000100000000)
  eden space 210944K, 0% used [0x00000000e0000000,0x00000000e0000000,0x00000000ece00000)
  from space 42496K, 16% used [0x00000000ece00000,0x00000000ed4f0790,0x00000000ef780000)
  to   space 41984K, 0% used [0x00000000ef780000,0x00000000ef780000,0x00000000f2080000)
 ParOldGen       total 164352K, used 100974K [0x00000000a0000000, 0x00000000aa080000, 0x00000000e0000000)
  object space 164352K, 61% used [0x00000000a0000000,0x00000000a629b930,0x00000000aa080000)
 Metaspace       used 78391K, capacity 81446K, committed 82324K, reserved 1120256K
  class space    used 10074K, capacity 10696K, committed 10940K, reserved 1048576K
}
Event: 593.800 GC heap before
{Heap before GC invocations=34 (full 4):
 PSYoungGen      total 253440K, used 217578K [0x00000000e0000000, 0x00000000f2180000, 0x0000000100000000)
  eden space 210944K, 99% used [0x00000000e0000000,0x00000000ecd8a0c0,0x00000000ece00000)
  from space 42496K, 16% used [0x00000000ece00000,0x00000000ed4f0790,0x00000000ef780000)
  to   space 41984K, 0% used [0x00000000ef780000,0x00000000ef780000,0x00000000f2080000)
 ParOldGen       total 164352K, used 100974K [0x00000000a0000000, 0x00000000aa080000, 0x00000000e0000000)
  object space 164352K, 61% used [0x00000000a0000000,0x00000000a629b930,0x00000000aa080000)
 Metaspace       used 78449K, capacity 81572K, committed 82324K, reserved 1120256K
  class space    used 10080K, capacity 10705K, committed 10940K, reserved 1048576K
Event: 593.828 GC heap after
Heap after GC invocations=34 (full 4):
 PSYoungGen      total 252928K, used 28630K [0x00000000e0000000, 0x00000000f2180000, 0x0000000100000000)
  eden space 210944K, 0% used [0x00000000e0000000,0x00000000e0000000,0x00000000ece00000)
  from space 41984K, 68% used [0x00000000ef780000,0x00000000f1375a18,0x00000000f2080000)
  to   space 42496K, 0% used [0x00000000ece00000,0x00000000ece00000,0x00000000ef780000)
 ParOldGen       total 164352K, used 105551K [0x00000000a0000000, 0x00000000aa080000, 0x00000000e0000000)
  object space 164352K, 64% used [0x00000000a0000000,0x00000000a6713cd8,0x00000000aa080000)
 Metaspace       used 78449K, capacity 81572K, committed 82324K, reserved 1120256K
  class space    used 10080K, capacity 10705K, committed 10940K, reserved 1048576K
}
Event: 593.886 GC heap before
{Heap before GC invocations=35 (full 4):
 PSYoungGen      total 252928K, used 239347K [0x00000000e0000000, 0x00000000f2180000, 0x0000000100000000)
  eden space 210944K, 99% used [0x00000000e0000000,0x00000000ecdc7208,0x00000000ece00000)
  from space 41984K, 68% used [0x00000000ef780000,0x00000000f1375a18,0x00000000f2080000)
  to   space 42496K, 0% used [0x00000000ece00000,0x00000000ece00000,0x00000000ef780000)
 ParOldGen       total 164352K, used 105551K [0x00000000a0000000, 0x00000000aa080000, 0x00000000e0000000)
  object space 164352K, 64% used [0x00000000a0000000,0x00000000a6713cd8,0x00000000aa080000)
 Metaspace       used 78450K, capacity 81572K, committed 82324K, reserved 1120256K
  class space    used 10080K, capacity 10705K, committed 10940K, reserved 1048576K
Event: 593.910 GC heap after
Heap after GC invocations=35 (full 4):
 PSYoungGen      total 253440K, used 96K [0x00000000e0000000, 0x00000000f2180000, 0x0000000100000000)
  eden space 210944K, 0% used [0x00000000e0000000,0x00000000e0000000,0x00000000ece00000)
  from space 42496K, 0% used [0x00000000ece00000,0x00000000ece18000,0x00000000ef780000)
  to   space 41984K, 0% used [0x00000000ef780000,0x00000000ef780000,0x00000000f2080000)
 ParOldGen       total 164352K, used 133709K [0x00000000a0000000, 0x00000000aa080000, 0x00000000e0000000)
  object space 164352K, 81% used [0x00000000a0000000,0x00000000a8293620,0x00000000aa080000)
 Metaspace       used 78450K, capacity 81572K, committed 82324K, reserved 1120256K
  class space    used 10080K, capacity 10705K, committed 10940K, reserved 1048576K
}
Event: 593.910 GC heap before
{Heap before GC invocations=36 (full 5):
 PSYoungGen      total 253440K, used 96K [0x00000000e0000000, 0x00000000f2180000, 0x0000000100000000)
  eden space 210944K, 0% used [0x00000000e0000000,0x00000000e0000000,0x00000000ece00000)
  from space 42496K, 0% used [0x00000000ece00000,0x00000000ece18000,0x00000000ef780000)
  to   space 41984K, 0% used [0x00000000ef780000,0x00000000ef780000,0x00000000f2080000)
 ParOldGen       total 164352K, used 133709K [0x00000000a0000000, 0x00000000aa080000, 0x00000000e0000000)
  object space 164352K, 81% used [0x00000000a0000000,0x00000000a8293620,0x00000000aa080000)
 Metaspace       used 78450K, capacity 81572K, committed 82324K, reserved 1120256K
  class space    used 10080K, capacity 10705K, committed 10940K, reserved 1048576K
Event: 594.169 GC heap after
Heap after GC invocations=36 (full 5):
 PSYoungGen      total 253440K, used 0K [0x00000000e0000000, 0x00000000f2180000, 0x0000000100000000)
  eden space 210944K, 0% used [0x00000000e0000000,0x00000000e0000000,0x00000000ece00000)
  from space 42496K, 0% used [0x00000000ece00000,0x00000000ece00000,0x00000000ef780000)
  to   space 41984K, 0% used [0x00000000ef780000,0x00000000ef780000,0x00000000f2080000)
 ParOldGen       total 167936K, used 68257K [0x00000000a0000000, 0x00000000aa400000, 0x00000000e0000000)
  object space 167936K, 40% used [0x00000000a0000000,0x00000000a42a8650,0x00000000aa400000)
 Metaspace       used 78450K, capacity 81572K, committed 82324K, reserved 1120256K
  class space    used 10080K, capacity 10705K, committed 10940K, reserved 1048576K
}

